Info 0    [19:57:46.816] Starting TS Server
Info 1    [19:57:46.820] Version: 4.7.4
Info 2    [19:57:46.820] Arguments: /home/lawrence/.nvm/versions/node/v16.3.0/bin/node /home/lawrence/.npm-packages/lib/node_modules/typescript/lib/tsserver.js --logFile /home/lawrence/Documents/Code/Playground/portfolio/.log/tsserver.log --logVerbosity info --cancellationPipeName /tmp/ce90c7de5a2b98b211acb843556b893a/tscancellation*
Info 3    [19:57:46.820] Platform: linux NodeVersion: 16 CaseSensitive: true
Info 4    [19:57:46.820] ServerMode: undefined syntaxOnly: false hasUnknownServerMode: undefined
Info 5    [19:57:46.830] Format host information updated
Info 6    [19:57:46.921] Search path: /home/lawrence/Documents/Code/Playground/portfolio/src/components
Info 7    [19:57:46.921] For info: /home/lawrence/Documents/Code/Playground/portfolio/src/components/navbar.rs :: No config files found.
Info 8    [19:57:46.924] Starting updateGraphWorker: Project: /dev/null/inferredProject1*
Info 9    [19:57:48.989] Finishing updateGraphWorker: Project: /dev/null/inferredProject1* Version: 1 structureChanged: true structureIsReused:: Not Elapsed: 2064.7791810035706ms
Info 10   [19:57:48.989] Project '/dev/null/inferredProject1*' (Inferred)
Info 11   [19:57:48.989] 	Files (19)

Info 12   [19:57:48.989] -----------------------------------------------
Info 13   [19:57:49.028] Starting updateGraphWorker: Project: /dev/null/inferredProject1*
Info 14   [19:57:49.034] Finishing updateGraphWorker: Project: /dev/null/inferredProject1* Version: 2 structureChanged: false structureIsReused:: Completely Elapsed: 5.298465996980667ms
Info 15   [19:57:49.034] Different program with same set of files
Info 16   [19:57:49.036] getCompletionData: Get current token: 0.04442000389099121
Info 17   [19:57:49.036] getCompletionData: Is inside comment: 0.06889000535011292
Info 18   [19:57:49.036] getCompletionData: Get previous token: 0.054475992918014526
Info 19   [19:57:49.036] getCompletionsAtPosition: isCompletionListBlocker: 0.25288599729537964
Info 20   [19:57:49.040] getExportInfoMap: cache miss or empty; calculating new results
Info 21   [19:57:49.040] getExportInfoMap: done in 0.42687299847602844 ms
Info 22   [19:57:49.041] collectAutoImports: resolved 0 module specifiers, plus 0 ambient and 0 from cache
Info 23   [19:57:49.041] collectAutoImports: response is complete
Info 24   [19:57:49.041] collectAutoImports: 0.1098870038986206
Info 25   [19:57:49.041] getCompletionData: Semantic work: 4.548547998070717
Info 26   [19:57:49.064] getCompletionsAtPosition: getCompletionEntriesFromSymbols: 22.696627989411354
Info 27   [19:57:52.770] Format host information updated
Info 28   [19:57:52.771] getCompletionData: Get current token: 0.03860500454902649
Info 29   [19:57:52.771] getCompletionData: Is inside comment: 0.05493199825286865
Info 30   [19:57:52.771] getCompletionData: Get previous token: 0.042494997382164
Info 31   [19:57:52.771] getCompletionsAtPosition: isCompletionListBlocker: 0.016353994607925415
Info 32   [19:57:52.775] getCompletionData: Semantic work: 3.5510970056056976
Info 33   [19:57:55.902] Starting updateGraphWorker: Project: /dev/null/inferredProject1*
Info 34   [19:57:55.909] Finishing updateGraphWorker: Project: /dev/null/inferredProject1* Version: 3 structureChanged: false structureIsReused:: Completely Elapsed: 7.154028996825218ms
Info 35   [19:57:55.909] Different program with same set of files
Info 36   [19:57:57.958] Starting updateGraphWorker: Project: /dev/null/inferredProject1*
Info 37   [19:57:57.977] Finishing updateGraphWorker: Project: /dev/null/inferredProject1* Version: 4 structureChanged: false structureIsReused:: Completely Elapsed: 18.189732000231743ms
Info 38   [19:57:57.977] Different program with same set of files
Info 39   [19:57:58.231] Starting updateGraphWorker: Project: /dev/null/inferredProject1*
Info 40   [19:57:58.247] Finishing updateGraphWorker: Project: /dev/null/inferredProject1* Version: 5 structureChanged: false structureIsReused:: Completely Elapsed: 16.05603300035ms
Info 41   [19:57:58.247] Different program with same set of files
Info 42   [19:57:58.606] Starting updateGraphWorker: Project: /dev/null/inferredProject1*
Info 43   [19:57:58.620] Finishing updateGraphWorker: Project: /dev/null/inferredProject1* Version: 6 structureChanged: false structureIsReused:: Completely Elapsed: 13.308743998408318ms
Info 44   [19:57:58.620] Different program with same set of files
Info 45   [19:59:13.010] FileWatcher:: Triggered with /home/lawrence/Documents/Code/Playground/portfolio/src/components/navbar.rs 1:: WatchInfo: /home/lawrence/Documents/Code/Playground/portfolio/src/components/navbar.rs 500 undefined WatchType: Closed Script info
Info 46   [19:59:13.011] Elapsed:: 0.7198590040206909ms FileWatcher:: Triggered with /home/lawrence/Documents/Code/Playground/portfolio/src/components/navbar.rs 1:: WatchInfo: /home/lawrence/Documents/Code/Playground/portfolio/src/components/navbar.rs 500 undefined WatchType: Closed Script info
Info 47   [19:59:41.023] FileWatcher:: Triggered with /home/lawrence/Documents/Code/Playground/portfolio/src/components/navbar.rs 1:: WatchInfo: /home/lawrence/Documents/Code/Playground/portfolio/src/components/navbar.rs 500 undefined WatchType: Closed Script info
Info 48   [19:59:41.024] Elapsed:: 0.1022299975156784ms FileWatcher:: Triggered with /home/lawrence/Documents/Code/Playground/portfolio/src/components/navbar.rs 1:: WatchInfo: /home/lawrence/Documents/Code/Playground/portfolio/src/components/navbar.rs 500 undefined WatchType: Closed Script info
Info 49   [19:59:51.029] FileWatcher:: Triggered with /home/lawrence/Documents/Code/Playground/portfolio/src/components/navbar.rs 1:: WatchInfo: /home/lawrence/Documents/Code/Playground/portfolio/src/components/navbar.rs 500 undefined WatchType: Closed Script info
Info 50   [19:59:51.030] Elapsed:: 0.028241991996765137ms FileWatcher:: Triggered with /home/lawrence/Documents/Code/Playground/portfolio/src/components/navbar.rs 1:: WatchInfo: /home/lawrence/Documents/Code/Playground/portfolio/src/components/navbar.rs 500 undefined WatchType: Closed Script info
Info 51   [20:04:57.122] FileWatcher:: Triggered with /home/lawrence/Documents/Code/Playground/portfolio/src/components/navbar.rs 1:: WatchInfo: /home/lawrence/Documents/Code/Playground/portfolio/src/components/navbar.rs 500 undefined WatchType: Closed Script info
Info 52   [20:04:57.125] Elapsed:: 0.5198500007390976ms FileWatcher:: Triggered with /home/lawrence/Documents/Code/Playground/portfolio/src/components/navbar.rs 1:: WatchInfo: /home/lawrence/Documents/Code/Playground/portfolio/src/components/navbar.rs 500 undefined WatchType: Closed Script info
Info 53   [20:05:11.127] FileWatcher:: Triggered with /home/lawrence/Documents/Code/Playground/portfolio/src/components/navbar.rs 1:: WatchInfo: /home/lawrence/Documents/Code/Playground/portfolio/src/components/navbar.rs 500 undefined WatchType: Closed Script info
Info 54   [20:05:11.128] Elapsed:: 0.03439399600028992ms FileWatcher:: Triggered with /home/lawrence/Documents/Code/Playground/portfolio/src/components/navbar.rs 1:: WatchInfo: /home/lawrence/Documents/Code/Playground/portfolio/src/components/navbar.rs 500 undefined WatchType: Closed Script info
Info 55   [20:07:37.167] FileWatcher:: Triggered with /home/lawrence/Documents/Code/Playground/portfolio/src/components/navbar.rs 1:: WatchInfo: /home/lawrence/Documents/Code/Playground/portfolio/src/components/navbar.rs 500 undefined WatchType: Closed Script info
Info 56   [20:07:37.168] Elapsed:: 0.04501698911190033ms FileWatcher:: Triggered with /home/lawrence/Documents/Code/Playground/portfolio/src/components/navbar.rs 1:: WatchInfo: /home/lawrence/Documents/Code/Playground/portfolio/src/components/navbar.rs 500 undefined WatchType: Closed Script info
Info 57   [20:08:57.182] FileWatcher:: Triggered with /home/lawrence/Documents/Code/Playground/portfolio/src/components/navbar.rs 1:: WatchInfo: /home/lawrence/Documents/Code/Playground/portfolio/src/components/navbar.rs 500 undefined WatchType: Closed Script info
Info 58   [20:08:57.183] Elapsed:: 0.03255099058151245ms FileWatcher:: Triggered with /home/lawrence/Documents/Code/Playground/portfolio/src/components/navbar.rs 1:: WatchInfo: /home/lawrence/Documents/Code/Playground/portfolio/src/components/navbar.rs 500 undefined WatchType: Closed Script info
Info 59   [20:11:41.244] FileWatcher:: Triggered with /home/lawrence/Documents/Code/Playground/portfolio/src/components/navbar.rs 1:: WatchInfo: /home/lawrence/Documents/Code/Playground/portfolio/src/components/navbar.rs 500 undefined WatchType: Closed Script info
Info 60   [20:11:41.246] Elapsed:: 0.028822004795074463ms FileWatcher:: Triggered with /home/lawrence/Documents/Code/Playground/portfolio/src/components/navbar.rs 1:: WatchInfo: /home/lawrence/Documents/Code/Playground/portfolio/src/components/navbar.rs 500 undefined WatchType: Closed Script info
Info 61   [20:11:57.249] FileWatcher:: Triggered with /home/lawrence/Documents/Code/Playground/portfolio/src/components/navbar.rs 1:: WatchInfo: /home/lawrence/Documents/Code/Playground/portfolio/src/components/navbar.rs 500 undefined WatchType: Closed Script info
Info 62   [20:11:57.250] Elapsed:: 0.039955005049705505ms FileWatcher:: Triggered with /home/lawrence/Documents/Code/Playground/portfolio/src/components/navbar.rs 1:: WatchInfo: /home/lawrence/Documents/Code/Playground/portfolio/src/components/navbar.rs 500 undefined WatchType: Closed Script info
Info 63   [20:11:59.251] FileWatcher:: Triggered with /home/lawrence/Documents/Code/Playground/portfolio/src/components/navbar.rs 1:: WatchInfo: /home/lawrence/Documents/Code/Playground/portfolio/src/components/navbar.rs 500 undefined WatchType: Closed Script info
Info 64   [20:11:59.252] Elapsed:: 0.03796100616455078ms FileWatcher:: Triggered with /home/lawrence/Documents/Code/Playground/portfolio/src/components/navbar.rs 1:: WatchInfo: /home/lawrence/Documents/Code/Playground/portfolio/src/components/navbar.rs 500 undefined WatchType: Closed Script info
Info 65   [20:12:29.261] FileWatcher:: Triggered with /home/lawrence/Documents/Code/Playground/portfolio/src/components/navbar.rs 1:: WatchInfo: /home/lawrence/Documents/Code/Playground/portfolio/src/components/navbar.rs 500 undefined WatchType: Closed Script info
Info 66   [20:12:29.261] Elapsed:: 0.02374398708343506ms FileWatcher:: Triggered with /home/lawrence/Documents/Code/Playground/portfolio/src/components/navbar.rs 1:: WatchInfo: /home/lawrence/Documents/Code/Playground/portfolio/src/components/navbar.rs 500 undefined WatchType: Closed Script info
Info 67   [20:12:31.264] FileWatcher:: Triggered with /home/lawrence/Documents/Code/Playground/portfolio/src/components/navbar.rs 1:: WatchInfo: /home/lawrence/Documents/Code/Playground/portfolio/src/components/navbar.rs 500 undefined WatchType: Closed Script info
Info 68   [20:12:31.264] Elapsed:: 0.017139002680778503ms FileWatcher:: Triggered with /home/lawrence/Documents/Code/Playground/portfolio/src/components/navbar.rs 1:: WatchInfo: /home/lawrence/Documents/Code/Playground/portfolio/src/components/navbar.rs 500 undefined WatchType: Closed Script info
Info 69   [20:12:33.265] FileWatcher:: Triggered with /home/lawrence/Documents/Code/Playground/portfolio/src/components/navbar.rs 1:: WatchInfo: /home/lawrence/Documents/Code/Playground/portfolio/src/components/navbar.rs 500 undefined WatchType: Closed Script info
Info 70   [20:12:33.266] Elapsed:: 0.021862000226974487ms FileWatcher:: Triggered with /home/lawrence/Documents/Code/Playground/portfolio/src/components/navbar.rs 1:: WatchInfo: /home/lawrence/Documents/Code/Playground/portfolio/src/components/navbar.rs 500 undefined WatchType: Closed Script info
Info 71   [20:12:35.267] FileWatcher:: Triggered with /home/lawrence/Documents/Code/Playground/portfolio/src/components/navbar.rs 1:: WatchInfo: /home/lawrence/Documents/Code/Playground/portfolio/src/components/navbar.rs 500 undefined WatchType: Closed Script info
Info 72   [20:12:35.268] Elapsed:: 0.3471429944038391ms FileWatcher:: Triggered with /home/lawrence/Documents/Code/Playground/portfolio/src/components/navbar.rs 1:: WatchInfo: /home/lawrence/Documents/Code/Playground/portfolio/src/components/navbar.rs 500 undefined WatchType: Closed Script info
Info 73   [20:12:59.276] FileWatcher:: Triggered with /home/lawrence/Documents/Code/Playground/portfolio/src/components/navbar.rs 1:: WatchInfo: /home/lawrence/Documents/Code/Playground/portfolio/src/components/navbar.rs 500 undefined WatchType: Closed Script info
Info 74   [20:12:59.280] Elapsed:: 2.482586994767189ms FileWatcher:: Triggered with /home/lawrence/Documents/Code/Playground/portfolio/src/components/navbar.rs 1:: WatchInfo: /home/lawrence/Documents/Code/Playground/portfolio/src/components/navbar.rs 500 undefined WatchType: Closed Script info
Info 75   [20:14:05.303] FileWatcher:: Triggered with /home/lawrence/Documents/Code/Playground/portfolio/src/components/navbar.rs 1:: WatchInfo: /home/lawrence/Documents/Code/Playground/portfolio/src/components/navbar.rs 500 undefined WatchType: Closed Script info
Info 76   [20:14:05.303] Elapsed:: 0.026124000549316406ms FileWatcher:: Triggered with /home/lawrence/Documents/Code/Playground/portfolio/src/components/navbar.rs 1:: WatchInfo: /home/lawrence/Documents/Code/Playground/portfolio/src/components/navbar.rs 500 undefined WatchType: Closed Script info
Info 77   [20:14:13.306] FileWatcher:: Triggered with /home/lawrence/Documents/Code/Playground/portfolio/src/components/navbar.rs 1:: WatchInfo: /home/lawrence/Documents/Code/Playground/portfolio/src/components/navbar.rs 500 undefined WatchType: Closed Script info
Info 78   [20:14:13.307] Elapsed:: 0.024485990405082703ms FileWatcher:: Triggered with /home/lawrence/Documents/Code/Playground/portfolio/src/components/navbar.rs 1:: WatchInfo: /home/lawrence/Documents/Code/Playground/portfolio/src/components/navbar.rs 500 undefined WatchType: Closed Script info
Info 79   [20:16:17.341] FileWatcher:: Triggered with /home/lawrence/Documents/Code/Playground/portfolio/src/components/navbar.rs 1:: WatchInfo: /home/lawrence/Documents/Code/Playground/portfolio/src/components/navbar.rs 500 undefined WatchType: Closed Script info
Info 80   [20:16:17.342] Elapsed:: 0.6614959985017776ms FileWatcher:: Triggered with /home/lawrence/Documents/Code/Playground/portfolio/src/components/navbar.rs 1:: WatchInfo: /home/lawrence/Documents/Code/Playground/portfolio/src/components/navbar.rs 500 undefined WatchType: Closed Script info
Info 81   [20:17:21.358] FileWatcher:: Triggered with /home/lawrence/Documents/Code/Playground/portfolio/src/components/navbar.rs 1:: WatchInfo: /home/lawrence/Documents/Code/Playground/portfolio/src/components/navbar.rs 500 undefined WatchType: Closed Script info
Info 82   [20:17:21.358] Elapsed:: 0.02550499141216278ms FileWatcher:: Triggered with /home/lawrence/Documents/Code/Playground/portfolio/src/components/navbar.rs 1:: WatchInfo: /home/lawrence/Documents/Code/Playground/portfolio/src/components/navbar.rs 500 undefined WatchType: Closed Script info
Info 83   [20:17:43.365] FileWatcher:: Triggered with /home/lawrence/Documents/Code/Playground/portfolio/src/components/navbar.rs 1:: WatchInfo: /home/lawrence/Documents/Code/Playground/portfolio/src/components/navbar.rs 500 undefined WatchType: Closed Script info
Info 84   [20:17:43.366] Elapsed:: 0.01757700741291046ms FileWatcher:: Triggered with /home/lawrence/Documents/Code/Playground/portfolio/src/components/navbar.rs 1:: WatchInfo: /home/lawrence/Documents/Code/Playground/portfolio/src/components/navbar.rs 500 undefined WatchType: Closed Script info
Info 85   [20:18:23.378] FileWatcher:: Triggered with /home/lawrence/Documents/Code/Playground/portfolio/src/components/navbar.rs 1:: WatchInfo: /home/lawrence/Documents/Code/Playground/portfolio/src/components/navbar.rs 500 undefined WatchType: Closed Script info
Info 86   [20:18:23.378] Elapsed:: 0.01982399821281433ms FileWatcher:: Triggered with /home/lawrence/Documents/Code/Playground/portfolio/src/components/navbar.rs 1:: WatchInfo: /home/lawrence/Documents/Code/Playground/portfolio/src/components/navbar.rs 500 undefined WatchType: Closed Script info
Info 87   [20:18:39.380] FileWatcher:: Triggered with /home/lawrence/Documents/Code/Playground/portfolio/src/components/navbar.rs 1:: WatchInfo: /home/lawrence/Documents/Code/Playground/portfolio/src/components/navbar.rs 500 undefined WatchType: Closed Script info
Info 88   [20:18:39.380] Elapsed:: 0.06692001223564148ms FileWatcher:: Triggered with /home/lawrence/Documents/Code/Playground/portfolio/src/components/navbar.rs 1:: WatchInfo: /home/lawrence/Documents/Code/Playground/portfolio/src/components/navbar.rs 500 undefined WatchType: Closed Script info
Info 89   [20:18:51.384] FileWatcher:: Triggered with /home/lawrence/Documents/Code/Playground/portfolio/src/components/navbar.rs 1:: WatchInfo: /home/lawrence/Documents/Code/Playground/portfolio/src/components/navbar.rs 500 undefined WatchType: Closed Script info
Info 90   [20:18:51.384] Elapsed:: 0.023002997040748596ms FileWatcher:: Triggered with /home/lawrence/Documents/Code/Playground/portfolio/src/components/navbar.rs 1:: WatchInfo: /home/lawrence/Documents/Code/Playground/portfolio/src/components/navbar.rs 500 undefined WatchType: Closed Script info
Info 91   [20:18:53.385] FileWatcher:: Triggered with /home/lawrence/Documents/Code/Playground/portfolio/src/components/navbar.rs 1:: WatchInfo: /home/lawrence/Documents/Code/Playground/portfolio/src/components/navbar.rs 500 undefined WatchType: Closed Script info
Info 92   [20:18:53.385] Elapsed:: 0.02361699938774109ms FileWatcher:: Triggered with /home/lawrence/Documents/Code/Playground/portfolio/src/components/navbar.rs 1:: WatchInfo: /home/lawrence/Documents/Code/Playground/portfolio/src/components/navbar.rs 500 undefined WatchType: Closed Script info
Info 93   [20:19:03.385] FileWatcher:: Triggered with /home/lawrence/Documents/Code/Playground/portfolio/src/components/navbar.rs 1:: WatchInfo: /home/lawrence/Documents/Code/Playground/portfolio/src/components/navbar.rs 500 undefined WatchType: Closed Script info
Info 94   [20:19:03.386] Elapsed:: 0.028216004371643066ms FileWatcher:: Triggered with /home/lawrence/Documents/Code/Playground/portfolio/src/components/navbar.rs 1:: WatchInfo: /home/lawrence/Documents/Code/Playground/portfolio/src/components/navbar.rs 500 undefined WatchType: Closed Script info
Info 95   [20:19:05.392] FileWatcher:: Triggered with /home/lawrence/Documents/Code/Playground/portfolio/src/components/navbar.rs 1:: WatchInfo: /home/lawrence/Documents/Code/Playground/portfolio/src/components/navbar.rs 500 undefined WatchType: Closed Script info
Info 96   [20:19:05.393] Elapsed:: 0.023158997297286987ms FileWatcher:: Triggered with /home/lawrence/Documents/Code/Playground/portfolio/src/components/navbar.rs 1:: WatchInfo: /home/lawrence/Documents/Code/Playground/portfolio/src/components/navbar.rs 500 undefined WatchType: Closed Script info
Info 97   [20:20:35.424] FileWatcher:: Triggered with /home/lawrence/Documents/Code/Playground/portfolio/src/components/navbar.rs 1:: WatchInfo: /home/lawrence/Documents/Code/Playground/portfolio/src/components/navbar.rs 500 undefined WatchType: Closed Script info
Info 98   [20:20:35.425] Elapsed:: 0.014013007283210754ms FileWatcher:: Triggered with /home/lawrence/Documents/Code/Playground/portfolio/src/components/navbar.rs 1:: WatchInfo: /home/lawrence/Documents/Code/Playground/portfolio/src/components/navbar.rs 500 undefined WatchType: Closed Script info
Info 99   [20:20:37.424] FileWatcher:: Triggered with /home/lawrence/Documents/Code/Playground/portfolio/src/components/navbar.rs 1:: WatchInfo: /home/lawrence/Documents/Code/Playground/portfolio/src/components/navbar.rs 500 undefined WatchType: Closed Script info
Info 100  [20:20:37.425] Elapsed:: 0.01625800132751465ms FileWatcher:: Triggered with /home/lawrence/Documents/Code/Playground/portfolio/src/components/navbar.rs 1:: WatchInfo: /home/lawrence/Documents/Code/Playground/portfolio/src/components/navbar.rs 500 undefined WatchType: Closed Script info
Info 101  [20:20:51.425] FileWatcher:: Triggered with /home/lawrence/Documents/Code/Playground/portfolio/src/components/navbar.rs 1:: WatchInfo: /home/lawrence/Documents/Code/Playground/portfolio/src/components/navbar.rs 500 undefined WatchType: Closed Script info
Info 102  [20:20:51.426] Elapsed:: 0.021344006061553955ms FileWatcher:: Triggered with /home/lawrence/Documents/Code/Playground/portfolio/src/components/navbar.rs 1:: WatchInfo: /home/lawrence/Documents/Code/Playground/portfolio/src/components/navbar.rs 500 undefined WatchType: Closed Script info
Info 103  [20:20:53.426] FileWatcher:: Triggered with /home/lawrence/Documents/Code/Playground/portfolio/src/components/navbar.rs 1:: WatchInfo: /home/lawrence/Documents/Code/Playground/portfolio/src/components/navbar.rs 500 undefined WatchType: Closed Script info
Info 104  [20:20:53.427] Elapsed:: 0.029417991638183594ms FileWatcher:: Triggered with /home/lawrence/Documents/Code/Playground/portfolio/src/components/navbar.rs 1:: WatchInfo: /home/lawrence/Documents/Code/Playground/portfolio/src/components/navbar.rs 500 undefined WatchType: Closed Script info
Info 105  [20:21:29.428] FileWatcher:: Triggered with /home/lawrence/Documents/Code/Playground/portfolio/src/components/navbar.rs 1:: WatchInfo: /home/lawrence/Documents/Code/Playground/portfolio/src/components/navbar.rs 500 undefined WatchType: Closed Script info
Info 106  [20:21:29.429] Elapsed:: 0.03520900011062622ms FileWatcher:: Triggered with /home/lawrence/Documents/Code/Playground/portfolio/src/components/navbar.rs 1:: WatchInfo: /home/lawrence/Documents/Code/Playground/portfolio/src/components/navbar.rs 500 undefined WatchType: Closed Script info
Info 107  [20:21:31.430] FileWatcher:: Triggered with /home/lawrence/Documents/Code/Playground/portfolio/src/components/navbar.rs 1:: WatchInfo: /home/lawrence/Documents/Code/Playground/portfolio/src/components/navbar.rs 500 undefined WatchType: Closed Script info
Info 108  [20:21:31.430] Elapsed:: 0.021194010972976685ms FileWatcher:: Triggered with /home/lawrence/Documents/Code/Playground/portfolio/src/components/navbar.rs 1:: WatchInfo: /home/lawrence/Documents/Code/Playground/portfolio/src/components/navbar.rs 500 undefined WatchType: Closed Script info
Info 109  [20:22:51.457] FileWatcher:: Triggered with /home/lawrence/Documents/Code/Playground/portfolio/src/components/navbar.rs 1:: WatchInfo: /home/lawrence/Documents/Code/Playground/portfolio/src/components/navbar.rs 500 undefined WatchType: Closed Script info
Info 110  [20:22:51.458] Elapsed:: 0.018261998891830444ms FileWatcher:: Triggered with /home/lawrence/Documents/Code/Playground/portfolio/src/components/navbar.rs 1:: WatchInfo: /home/lawrence/Documents/Code/Playground/portfolio/src/components/navbar.rs 500 undefined WatchType: Closed Script info
Info 111  [20:22:53.459] FileWatcher:: Triggered with /home/lawrence/Documents/Code/Playground/portfolio/src/components/navbar.rs 1:: WatchInfo: /home/lawrence/Documents/Code/Playground/portfolio/src/components/navbar.rs 500 undefined WatchType: Closed Script info
Info 112  [20:22:53.460] Elapsed:: 0.7257629930973053ms FileWatcher:: Triggered with /home/lawrence/Documents/Code/Playground/portfolio/src/components/navbar.rs 1:: WatchInfo: /home/lawrence/Documents/Code/Playground/portfolio/src/components/navbar.rs 500 undefined WatchType: Closed Script info
Info 113  [20:23:27.471] FileWatcher:: Triggered with /home/lawrence/Documents/Code/Playground/portfolio/src/components/navbar.rs 1:: WatchInfo: /home/lawrence/Documents/Code/Playground/portfolio/src/components/navbar.rs 500 undefined WatchType: Closed Script info
Info 114  [20:23:27.472] Elapsed:: 0.04040999710559845ms FileWatcher:: Triggered with /home/lawrence/Documents/Code/Playground/portfolio/src/components/navbar.rs 1:: WatchInfo: /home/lawrence/Documents/Code/Playground/portfolio/src/components/navbar.rs 500 undefined WatchType: Closed Script info
Info 115  [20:23:45.479] FileWatcher:: Triggered with /home/lawrence/Documents/Code/Playground/portfolio/src/components/navbar.rs 1:: WatchInfo: /home/lawrence/Documents/Code/Playground/portfolio/src/components/navbar.rs 500 undefined WatchType: Closed Script info
Info 116  [20:23:45.479] Elapsed:: 0.03488101065158844ms FileWatcher:: Triggered with /home/lawrence/Documents/Code/Playground/portfolio/src/components/navbar.rs 1:: WatchInfo: /home/lawrence/Documents/Code/Playground/portfolio/src/components/navbar.rs 500 undefined WatchType: Closed Script info
Info 117  [20:26:25.526] FileWatcher:: Triggered with /home/lawrence/Documents/Code/Playground/portfolio/src/components/navbar.rs 1:: WatchInfo: /home/lawrence/Documents/Code/Playground/portfolio/src/components/navbar.rs 500 undefined WatchType: Closed Script info
Info 118  [20:26:25.526] Elapsed:: 0.026170998811721802ms FileWatcher:: Triggered with /home/lawrence/Documents/Code/Playground/portfolio/src/components/navbar.rs 1:: WatchInfo: /home/lawrence/Documents/Code/Playground/portfolio/src/components/navbar.rs 500 undefined WatchType: Closed Script info
Info 119  [20:26:57.568] FileWatcher:: Triggered with /home/lawrence/Documents/Code/Playground/portfolio/src/components/navbar.rs 1:: WatchInfo: /home/lawrence/Documents/Code/Playground/portfolio/src/components/navbar.rs 500 undefined WatchType: Closed Script info
Info 120  [20:26:57.581] Elapsed:: 2.390268996357918ms FileWatcher:: Triggered with /home/lawrence/Documents/Code/Playground/portfolio/src/components/navbar.rs 1:: WatchInfo: /home/lawrence/Documents/Code/Playground/portfolio/src/components/navbar.rs 500 undefined WatchType: Closed Script info
Info 121  [20:26:59.581] FileWatcher:: Triggered with /home/lawrence/Documents/Code/Playground/portfolio/src/components/navbar.rs 1:: WatchInfo: /home/lawrence/Documents/Code/Playground/portfolio/src/components/navbar.rs 500 undefined WatchType: Closed Script info
Info 122  [20:26:59.582] Elapsed:: 0.030469998717308044ms FileWatcher:: Triggered with /home/lawrence/Documents/Code/Playground/portfolio/src/components/navbar.rs 1:: WatchInfo: /home/lawrence/Documents/Code/Playground/portfolio/src/components/navbar.rs 500 undefined WatchType: Closed Script info
Info 123  [20:29:23.641] FileWatcher:: Triggered with /home/lawrence/Documents/Code/Playground/portfolio/src/components/navbar.rs 1:: WatchInfo: /home/lawrence/Documents/Code/Playground/portfolio/src/components/navbar.rs 500 undefined WatchType: Closed Script info
Info 124  [20:29:23.657] Elapsed:: 3.4120429903268814ms FileWatcher:: Triggered with /home/lawrence/Documents/Code/Playground/portfolio/src/components/navbar.rs 1:: WatchInfo: /home/lawrence/Documents/Code/Playground/portfolio/src/components/navbar.rs 500 undefined WatchType: Closed Script info
Info 125  [20:29:25.658] FileWatcher:: Triggered with /home/lawrence/Documents/Code/Playground/portfolio/src/components/navbar.rs 1:: WatchInfo: /home/lawrence/Documents/Code/Playground/portfolio/src/components/navbar.rs 500 undefined WatchType: Closed Script info
Info 126  [20:29:25.660] Elapsed:: 0.016217008233070374ms FileWatcher:: Triggered with /home/lawrence/Documents/Code/Playground/portfolio/src/components/navbar.rs 1:: WatchInfo: /home/lawrence/Documents/Code/Playground/portfolio/src/components/navbar.rs 500 undefined WatchType: Closed Script info
Info 127  [20:29:41.662] FileWatcher:: Triggered with /home/lawrence/Documents/Code/Playground/portfolio/src/components/navbar.rs 1:: WatchInfo: /home/lawrence/Documents/Code/Playground/portfolio/src/components/navbar.rs 500 undefined WatchType: Closed Script info
Info 128  [20:29:41.664] Elapsed:: 0.08546000719070435ms FileWatcher:: Triggered with /home/lawrence/Documents/Code/Playground/portfolio/src/components/navbar.rs 1:: WatchInfo: /home/lawrence/Documents/Code/Playground/portfolio/src/components/navbar.rs 500 undefined WatchType: Closed Script info
Info 129  [20:31:27.725] FileWatcher:: Triggered with /home/lawrence/Documents/Code/Playground/portfolio/src/components/navbar.rs 1:: WatchInfo: /home/lawrence/Documents/Code/Playground/portfolio/src/components/navbar.rs 500 undefined WatchType: Closed Script info
Info 130  [20:31:27.727] Elapsed:: 0.03382900357246399ms FileWatcher:: Triggered with /home/lawrence/Documents/Code/Playground/portfolio/src/components/navbar.rs 1:: WatchInfo: /home/lawrence/Documents/Code/Playground/portfolio/src/components/navbar.rs 500 undefined WatchType: Closed Script info
Info 131  [20:32:27.745] FileWatcher:: Triggered with /home/lawrence/Documents/Code/Playground/portfolio/src/components/navbar.rs 1:: WatchInfo: /home/lawrence/Documents/Code/Playground/portfolio/src/components/navbar.rs 500 undefined WatchType: Closed Script info
Info 132  [20:32:27.745] Elapsed:: 0.028394997119903564ms FileWatcher:: Triggered with /home/lawrence/Documents/Code/Playground/portfolio/src/components/navbar.rs 1:: WatchInfo: /home/lawrence/Documents/Code/Playground/portfolio/src/components/navbar.rs 500 undefined WatchType: Closed Script info
Info 133  [20:33:35.756] FileWatcher:: Triggered with /home/lawrence/Documents/Code/Playground/portfolio/src/components/navbar.rs 1:: WatchInfo: /home/lawrence/Documents/Code/Playground/portfolio/src/components/navbar.rs 500 undefined WatchType: Closed Script info
Info 134  [20:33:35.757] Elapsed:: 0.026813000440597534ms FileWatcher:: Triggered with /home/lawrence/Documents/Code/Playground/portfolio/src/components/navbar.rs 1:: WatchInfo: /home/lawrence/Documents/Code/Playground/portfolio/src/components/navbar.rs 500 undefined WatchType: Closed Script info
Info 135  [20:33:37.757] FileWatcher:: Triggered with /home/lawrence/Documents/Code/Playground/portfolio/src/components/navbar.rs 1:: WatchInfo: /home/lawrence/Documents/Code/Playground/portfolio/src/components/navbar.rs 500 undefined WatchType: Closed Script info
Info 136  [20:33:37.757] Elapsed:: 0.02785399556159973ms FileWatcher:: Triggered with /home/lawrence/Documents/Code/Playground/portfolio/src/components/navbar.rs 1:: WatchInfo: /home/lawrence/Documents/Code/Playground/portfolio/src/components/navbar.rs 500 undefined WatchType: Closed Script info
Info 137  [20:34:39.767] FileWatcher:: Triggered with /home/lawrence/Documents/Code/Playground/portfolio/src/components/navbar.rs 1:: WatchInfo: /home/lawrence/Documents/Code/Playground/portfolio/src/components/navbar.rs 500 undefined WatchType: Closed Script info
Info 138  [20:34:39.767] Elapsed:: 0.024102985858917236ms FileWatcher:: Triggered with /home/lawrence/Documents/Code/Playground/portfolio/src/components/navbar.rs 1:: WatchInfo: /home/lawrence/Documents/Code/Playground/portfolio/src/components/navbar.rs 500 undefined WatchType: Closed Script info
Info 139  [20:36:43.800] FileWatcher:: Triggered with /home/lawrence/Documents/Code/Playground/portfolio/src/components/navbar.rs 1:: WatchInfo: /home/lawrence/Documents/Code/Playground/portfolio/src/components/navbar.rs 500 undefined WatchType: Closed Script info
Info 140  [20:36:43.801] Elapsed:: 0.03279499709606171ms FileWatcher:: Triggered with /home/lawrence/Documents/Code/Playground/portfolio/src/components/navbar.rs 1:: WatchInfo: /home/lawrence/Documents/Code/Playground/portfolio/src/components/navbar.rs 500 undefined WatchType: Closed Script info
Info 141  [20:37:55.823] FileWatcher:: Triggered with /home/lawrence/Documents/Code/Playground/portfolio/src/components/navbar.rs 1:: WatchInfo: /home/lawrence/Documents/Code/Playground/portfolio/src/components/navbar.rs 500 undefined WatchType: Closed Script info
Info 142  [20:37:55.824] Elapsed:: 0.04217599332332611ms FileWatcher:: Triggered with /home/lawrence/Documents/Code/Playground/portfolio/src/components/navbar.rs 1:: WatchInfo: /home/lawrence/Documents/Code/Playground/portfolio/src/components/navbar.rs 500 undefined WatchType: Closed Script info
Info 143  [20:38:49.843] FileWatcher:: Triggered with /home/lawrence/Documents/Code/Playground/portfolio/src/components/navbar.rs 1:: WatchInfo: /home/lawrence/Documents/Code/Playground/portfolio/src/components/navbar.rs 500 undefined WatchType: Closed Script info
Info 144  [20:38:49.843] Elapsed:: 0.0343639999628067ms FileWatcher:: Triggered with /home/lawrence/Documents/Code/Playground/portfolio/src/components/navbar.rs 1:: WatchInfo: /home/lawrence/Documents/Code/Playground/portfolio/src/components/navbar.rs 500 undefined WatchType: Closed Script info
Info 145  [20:39:41.864] FileWatcher:: Triggered with /home/lawrence/Documents/Code/Playground/portfolio/src/components/navbar.rs 1:: WatchInfo: /home/lawrence/Documents/Code/Playground/portfolio/src/components/navbar.rs 500 undefined WatchType: Closed Script info
Info 146  [20:39:41.865] Elapsed:: 0.230881005525589ms FileWatcher:: Triggered with /home/lawrence/Documents/Code/Playground/portfolio/src/components/navbar.rs 1:: WatchInfo: /home/lawrence/Documents/Code/Playground/portfolio/src/components/navbar.rs 500 undefined WatchType: Closed Script info
Info 147  [20:39:43.867] FileWatcher:: Triggered with /home/lawrence/Documents/Code/Playground/portfolio/src/components/navbar.rs 1:: WatchInfo: /home/lawrence/Documents/Code/Playground/portfolio/src/components/navbar.rs 500 undefined WatchType: Closed Script info
Info 148  [20:39:43.867] Elapsed:: 0.030611008405685425ms FileWatcher:: Triggered with /home/lawrence/Documents/Code/Playground/portfolio/src/components/navbar.rs 1:: WatchInfo: /home/lawrence/Documents/Code/Playground/portfolio/src/components/navbar.rs 500 undefined WatchType: Closed Script info
Info 149  [20:41:57.903] FileWatcher:: Triggered with /home/lawrence/Documents/Code/Playground/portfolio/src/components/navbar.rs 1:: WatchInfo: /home/lawrence/Documents/Code/Playground/portfolio/src/components/navbar.rs 500 undefined WatchType: Closed Script info
Info 150  [20:41:57.903] Elapsed:: 0.02629999816417694ms FileWatcher:: Triggered with /home/lawrence/Documents/Code/Playground/portfolio/src/components/navbar.rs 1:: WatchInfo: /home/lawrence/Documents/Code/Playground/portfolio/src/components/navbar.rs 500 undefined WatchType: Closed Script info
Info 151  [20:43:01.926] FileWatcher:: Triggered with /home/lawrence/Documents/Code/Playground/portfolio/src/components/navbar.rs 1:: WatchInfo: /home/lawrence/Documents/Code/Playground/portfolio/src/components/navbar.rs 500 undefined WatchType: Closed Script info
Info 152  [20:43:01.926] Elapsed:: 0.03541000187397003ms FileWatcher:: Triggered with /home/lawrence/Documents/Code/Playground/portfolio/src/components/navbar.rs 1:: WatchInfo: /home/lawrence/Documents/Code/Playground/portfolio/src/components/navbar.rs 500 undefined WatchType: Closed Script info
Info 153  [20:44:05.942] FileWatcher:: Triggered with /home/lawrence/Documents/Code/Playground/portfolio/src/components/navbar.rs 1:: WatchInfo: /home/lawrence/Documents/Code/Playground/portfolio/src/components/navbar.rs 500 undefined WatchType: Closed Script info
Info 154  [20:44:05.942] Elapsed:: 0.04769100248813629ms FileWatcher:: Triggered with /home/lawrence/Documents/Code/Playground/portfolio/src/components/navbar.rs 1:: WatchInfo: /home/lawrence/Documents/Code/Playground/portfolio/src/components/navbar.rs 500 undefined WatchType: Closed Script info
Info 155  [20:44:19.943] FileWatcher:: Triggered with /home/lawrence/Documents/Code/Playground/portfolio/src/components/navbar.rs 1:: WatchInfo: /home/lawrence/Documents/Code/Playground/portfolio/src/components/navbar.rs 500 undefined WatchType: Closed Script info
Info 156  [20:44:19.944] Elapsed:: 0.022831991314888ms FileWatcher:: Triggered with /home/lawrence/Documents/Code/Playground/portfolio/src/components/navbar.rs 1:: WatchInfo: /home/lawrence/Documents/Code/Playground/portfolio/src/components/navbar.rs 500 undefined WatchType: Closed Script info
Info 157  [20:44:21.944] FileWatcher:: Triggered with /home/lawrence/Documents/Code/Playground/portfolio/src/components/navbar.rs 1:: WatchInfo: /home/lawrence/Documents/Code/Playground/portfolio/src/components/navbar.rs 500 undefined WatchType: Closed Script info
Info 158  [20:44:21.944] Elapsed:: 0.032232001423835754ms FileWatcher:: Triggered with /home/lawrence/Documents/Code/Playground/portfolio/src/components/navbar.rs 1:: WatchInfo: /home/lawrence/Documents/Code/Playground/portfolio/src/components/navbar.rs 500 undefined WatchType: Closed Script info
Info 159  [20:44:37.946] FileWatcher:: Triggered with /home/lawrence/Documents/Code/Playground/portfolio/src/components/navbar.rs 1:: WatchInfo: /home/lawrence/Documents/Code/Playground/portfolio/src/components/navbar.rs 500 undefined WatchType: Closed Script info
Info 160  [20:44:37.947] Elapsed:: 0.019405990839004517ms FileWatcher:: Triggered with /home/lawrence/Documents/Code/Playground/portfolio/src/components/navbar.rs 1:: WatchInfo: /home/lawrence/Documents/Code/Playground/portfolio/src/components/navbar.rs 500 undefined WatchType: Closed Script info
Info 161  [20:44:39.947] FileWatcher:: Triggered with /home/lawrence/Documents/Code/Playground/portfolio/src/components/navbar.rs 1:: WatchInfo: /home/lawrence/Documents/Code/Playground/portfolio/src/components/navbar.rs 500 undefined WatchType: Closed Script info
Info 162  [20:44:39.947] Elapsed:: 0.042413994669914246ms FileWatcher:: Triggered with /home/lawrence/Documents/Code/Playground/portfolio/src/components/navbar.rs 1:: WatchInfo: /home/lawrence/Documents/Code/Playground/portfolio/src/components/navbar.rs 500 undefined WatchType: Closed Script info
Info 163  [20:46:43.971] FileWatcher:: Triggered with /home/lawrence/Documents/Code/Playground/portfolio/src/components/navbar.rs 1:: WatchInfo: /home/lawrence/Documents/Code/Playground/portfolio/src/components/navbar.rs 500 undefined WatchType: Closed Script info
Info 164  [20:46:43.971] Elapsed:: 0.024340003728866577ms FileWatcher:: Triggered with /home/lawrence/Documents/Code/Playground/portfolio/src/components/navbar.rs 1:: WatchInfo: /home/lawrence/Documents/Code/Playground/portfolio/src/components/navbar.rs 500 undefined WatchType: Closed Script info
Info 165  [20:46:45.972] FileWatcher:: Triggered with /home/lawrence/Documents/Code/Playground/portfolio/src/components/navbar.rs 1:: WatchInfo: /home/lawrence/Documents/Code/Playground/portfolio/src/components/navbar.rs 500 undefined WatchType: Closed Script info
Info 166  [20:46:45.973] Elapsed:: 0.08439399302005768ms FileWatcher:: Triggered with /home/lawrence/Documents/Code/Playground/portfolio/src/components/navbar.rs 1:: WatchInfo: /home/lawrence/Documents/Code/Playground/portfolio/src/components/navbar.rs 500 undefined WatchType: Closed Script info
Info 167  [20:47:19.979] FileWatcher:: Triggered with /home/lawrence/Documents/Code/Playground/portfolio/src/components/navbar.rs 1:: WatchInfo: /home/lawrence/Documents/Code/Playground/portfolio/src/components/navbar.rs 500 undefined WatchType: Closed Script info
Info 168  [20:47:19.979] Elapsed:: 0.023607999086380005ms FileWatcher:: Triggered with /home/lawrence/Documents/Code/Playground/portfolio/src/components/navbar.rs 1:: WatchInfo: /home/lawrence/Documents/Code/Playground/portfolio/src/components/navbar.rs 500 undefined WatchType: Closed Script info
Info 169  [20:48:16.017] FileWatcher:: Triggered with /home/lawrence/Documents/Code/Playground/portfolio/src/components/navbar.rs 1:: WatchInfo: /home/lawrence/Documents/Code/Playground/portfolio/src/components/navbar.rs 500 undefined WatchType: Closed Script info
Info 170  [20:48:16.018] Elapsed:: 0.4013330042362213ms FileWatcher:: Triggered with /home/lawrence/Documents/Code/Playground/portfolio/src/components/navbar.rs 1:: WatchInfo: /home/lawrence/Documents/Code/Playground/portfolio/src/components/navbar.rs 500 undefined WatchType: Closed Script info
Info 171  [20:50:36.065] FileWatcher:: Triggered with /home/lawrence/Documents/Code/Playground/portfolio/src/components/navbar.rs 1:: WatchInfo: /home/lawrence/Documents/Code/Playground/portfolio/src/components/navbar.rs 500 undefined WatchType: Closed Script info
Info 172  [20:50:36.066] Elapsed:: 0.023249998688697815ms FileWatcher:: Triggered with /home/lawrence/Documents/Code/Playground/portfolio/src/components/navbar.rs 1:: WatchInfo: /home/lawrence/Documents/Code/Playground/portfolio/src/components/navbar.rs 500 undefined WatchType: Closed Script info
Info 173  [20:50:38.066] FileWatcher:: Triggered with /home/lawrence/Documents/Code/Playground/portfolio/src/components/navbar.rs 1:: WatchInfo: /home/lawrence/Documents/Code/Playground/portfolio/src/components/navbar.rs 500 undefined WatchType: Closed Script info
Info 174  [20:50:38.066] Elapsed:: 0.017169013619422913ms FileWatcher:: Triggered with /home/lawrence/Documents/Code/Playground/portfolio/src/components/navbar.rs 1:: WatchInfo: /home/lawrence/Documents/Code/Playground/portfolio/src/components/navbar.rs 500 undefined WatchType: Closed Script info
Info 175  [20:53:06.115] FileWatcher:: Triggered with /home/lawrence/Documents/Code/Playground/portfolio/src/components/navbar.rs 1:: WatchInfo: /home/lawrence/Documents/Code/Playground/portfolio/src/components/navbar.rs 500 undefined WatchType: Closed Script info
Info 176  [20:53:06.116] Elapsed:: 0.06915999948978424ms FileWatcher:: Triggered with /home/lawrence/Documents/Code/Playground/portfolio/src/components/navbar.rs 1:: WatchInfo: /home/lawrence/Documents/Code/Playground/portfolio/src/components/navbar.rs 500 undefined WatchType: Closed Script info
Info 177  [20:54:02.133] FileWatcher:: Triggered with /home/lawrence/Documents/Code/Playground/portfolio/src/components/navbar.rs 1:: WatchInfo: /home/lawrence/Documents/Code/Playground/portfolio/src/components/navbar.rs 500 undefined WatchType: Closed Script info
Info 178  [20:54:02.135] Elapsed:: 1.5829359889030457ms FileWatcher:: Triggered with /home/lawrence/Documents/Code/Playground/portfolio/src/components/navbar.rs 1:: WatchInfo: /home/lawrence/Documents/Code/Playground/portfolio/src/components/navbar.rs 500 undefined WatchType: Closed Script info
Info 179  [20:54:10.144] FileWatcher:: Triggered with /home/lawrence/Documents/Code/Playground/portfolio/src/components/navbar.rs 1:: WatchInfo: /home/lawrence/Documents/Code/Playground/portfolio/src/components/navbar.rs 500 undefined WatchType: Closed Script info
Info 180  [20:54:10.145] Elapsed:: 0.5989779978990555ms FileWatcher:: Triggered with /home/lawrence/Documents/Code/Playground/portfolio/src/components/navbar.rs 1:: WatchInfo: /home/lawrence/Documents/Code/Playground/portfolio/src/components/navbar.rs 500 undefined WatchType: Closed Script info
Info 181  [20:54:44.160] FileWatcher:: Triggered with /home/lawrence/Documents/Code/Playground/portfolio/src/components/navbar.rs 1:: WatchInfo: /home/lawrence/Documents/Code/Playground/portfolio/src/components/navbar.rs 500 undefined WatchType: Closed Script info
Info 182  [20:54:44.160] Elapsed:: 0.027820006012916565ms FileWatcher:: Triggered with /home/lawrence/Documents/Code/Playground/portfolio/src/components/navbar.rs 1:: WatchInfo: /home/lawrence/Documents/Code/Playground/portfolio/src/components/navbar.rs 500 undefined WatchType: Closed Script info
Info 183  [20:55:06.169] FileWatcher:: Triggered with /home/lawrence/Documents/Code/Playground/portfolio/src/components/navbar.rs 1:: WatchInfo: /home/lawrence/Documents/Code/Playground/portfolio/src/components/navbar.rs 500 undefined WatchType: Closed Script info
Info 184  [20:55:06.170] Elapsed:: 0.0475970059633255ms FileWatcher:: Triggered with /home/lawrence/Documents/Code/Playground/portfolio/src/components/navbar.rs 1:: WatchInfo: /home/lawrence/Documents/Code/Playground/portfolio/src/components/navbar.rs 500 undefined WatchType: Closed Script info
Info 185  [20:55:08.170] FileWatcher:: Triggered with /home/lawrence/Documents/Code/Playground/portfolio/src/components/navbar.rs 1:: WatchInfo: /home/lawrence/Documents/Code/Playground/portfolio/src/components/navbar.rs 500 undefined WatchType: Closed Script info
Info 186  [20:55:08.171] Elapsed:: 0.12575499713420868ms FileWatcher:: Triggered with /home/lawrence/Documents/Code/Playground/portfolio/src/components/navbar.rs 1:: WatchInfo: /home/lawrence/Documents/Code/Playground/portfolio/src/components/navbar.rs 500 undefined WatchType: Closed Script info
Info 187  [20:59:22.216] FileWatcher:: Triggered with /home/lawrence/Documents/Code/Playground/portfolio/src/components/navbar.rs 1:: WatchInfo: /home/lawrence/Documents/Code/Playground/portfolio/src/components/navbar.rs 500 undefined WatchType: Closed Script info
Info 188  [20:59:22.217] Elapsed:: 0.018960997462272644ms FileWatcher:: Triggered with /home/lawrence/Documents/Code/Playground/portfolio/src/components/navbar.rs 1:: WatchInfo: /home/lawrence/Documents/Code/Playground/portfolio/src/components/navbar.rs 500 undefined WatchType: Closed Script info
Info 189  [21:00:04.227] FileWatcher:: Triggered with /home/lawrence/Documents/Code/Playground/portfolio/src/components/navbar.rs 1:: WatchInfo: /home/lawrence/Documents/Code/Playground/portfolio/src/components/navbar.rs 500 undefined WatchType: Closed Script info
Info 190  [21:00:04.228] Elapsed:: 0.03197801113128662ms FileWatcher:: Triggered with /home/lawrence/Documents/Code/Playground/portfolio/src/components/navbar.rs 1:: WatchInfo: /home/lawrence/Documents/Code/Playground/portfolio/src/components/navbar.rs 500 undefined WatchType: Closed Script info
Info 191  [21:03:28.292] FileWatcher:: Triggered with /home/lawrence/Documents/Code/Playground/portfolio/src/components/navbar.rs 1:: WatchInfo: /home/lawrence/Documents/Code/Playground/portfolio/src/components/navbar.rs 500 undefined WatchType: Closed Script info
Info 192  [21:03:28.293] Elapsed:: 0.05495999753475189ms FileWatcher:: Triggered with /home/lawrence/Documents/Code/Playground/portfolio/src/components/navbar.rs 1:: WatchInfo: /home/lawrence/Documents/Code/Playground/portfolio/src/components/navbar.rs 500 undefined WatchType: Closed Script info
Info 193  [21:06:04.332] FileWatcher:: Triggered with /home/lawrence/Documents/Code/Playground/portfolio/src/components/navbar.rs 1:: WatchInfo: /home/lawrence/Documents/Code/Playground/portfolio/src/components/navbar.rs 500 undefined WatchType: Closed Script info
Info 194  [21:06:04.333] Elapsed:: 0.05305899679660797ms FileWatcher:: Triggered with /home/lawrence/Documents/Code/Playground/portfolio/src/components/navbar.rs 1:: WatchInfo: /home/lawrence/Documents/Code/Playground/portfolio/src/components/navbar.rs 500 undefined WatchType: Closed Script info
Info 195  [21:08:02.395] FileWatcher:: Triggered with /home/lawrence/Documents/Code/Playground/portfolio/src/components/navbar.rs 1:: WatchInfo: /home/lawrence/Documents/Code/Playground/portfolio/src/components/navbar.rs 500 undefined WatchType: Closed Script info
Info 196  [21:08:02.395] Elapsed:: 0.0522720068693161ms FileWatcher:: Triggered with /home/lawrence/Documents/Code/Playground/portfolio/src/components/navbar.rs 1:: WatchInfo: /home/lawrence/Documents/Code/Playground/portfolio/src/components/navbar.rs 500 undefined WatchType: Closed Script info
Info 197  [21:09:26.411] FileWatcher:: Triggered with /home/lawrence/Documents/Code/Playground/portfolio/src/components/navbar.rs 1:: WatchInfo: /home/lawrence/Documents/Code/Playground/portfolio/src/components/navbar.rs 500 undefined WatchType: Closed Script info
Info 198  [21:09:26.411] Elapsed:: 0.021571993827819824ms FileWatcher:: Triggered with /home/lawrence/Documents/Code/Playground/portfolio/src/components/navbar.rs 1:: WatchInfo: /home/lawrence/Documents/Code/Playground/portfolio/src/components/navbar.rs 500 undefined WatchType: Closed Script info
Info 199  [21:09:28.412] FileWatcher:: Triggered with /home/lawrence/Documents/Code/Playground/portfolio/src/components/navbar.rs 1:: WatchInfo: /home/lawrence/Documents/Code/Playground/portfolio/src/components/navbar.rs 500 undefined WatchType: Closed Script info
Info 200  [21:09:28.413] Elapsed:: 0.02618400752544403ms FileWatcher:: Triggered with /home/lawrence/Documents/Code/Playground/portfolio/src/components/navbar.rs 1:: WatchInfo: /home/lawrence/Documents/Code/Playground/portfolio/src/components/navbar.rs 500 undefined WatchType: Closed Script info
Info 201  [21:12:00.440] FileWatcher:: Triggered with /home/lawrence/Documents/Code/Playground/portfolio/src/components/navbar.rs 1:: WatchInfo: /home/lawrence/Documents/Code/Playground/portfolio/src/components/navbar.rs 500 undefined WatchType: Closed Script info
Info 202  [21:12:00.441] Elapsed:: 0.030414998531341553ms FileWatcher:: Triggered with /home/lawrence/Documents/Code/Playground/portfolio/src/components/navbar.rs 1:: WatchInfo: /home/lawrence/Documents/Code/Playground/portfolio/src/components/navbar.rs 500 undefined WatchType: Closed Script info
Info 203  [21:12:02.442] FileWatcher:: Triggered with /home/lawrence/Documents/Code/Playground/portfolio/src/components/navbar.rs 1:: WatchInfo: /home/lawrence/Documents/Code/Playground/portfolio/src/components/navbar.rs 500 undefined WatchType: Closed Script info
Info 204  [21:12:02.442] Elapsed:: 0.02149200439453125ms FileWatcher:: Triggered with /home/lawrence/Documents/Code/Playground/portfolio/src/components/navbar.rs 1:: WatchInfo: /home/lawrence/Documents/Code/Playground/portfolio/src/components/navbar.rs 500 undefined WatchType: Closed Script info
Info 205  [21:12:34.453] FileWatcher:: Triggered with /home/lawrence/Documents/Code/Playground/portfolio/src/components/navbar.rs 1:: WatchInfo: /home/lawrence/Documents/Code/Playground/portfolio/src/components/navbar.rs 500 undefined WatchType: Closed Script info
Info 206  [21:12:34.454] Elapsed:: 0.033505991101264954ms FileWatcher:: Triggered with /home/lawrence/Documents/Code/Playground/portfolio/src/components/navbar.rs 1:: WatchInfo: /home/lawrence/Documents/Code/Playground/portfolio/src/components/navbar.rs 500 undefined WatchType: Closed Script info
Info 207  [21:12:36.457] FileWatcher:: Triggered with /home/lawrence/Documents/Code/Playground/portfolio/src/components/navbar.rs 1:: WatchInfo: /home/lawrence/Documents/Code/Playground/portfolio/src/components/navbar.rs 500 undefined WatchType: Closed Script info
Info 208  [21:12:36.458] Elapsed:: 0.03703799843788147ms FileWatcher:: Triggered with /home/lawrence/Documents/Code/Playground/portfolio/src/components/navbar.rs 1:: WatchInfo: /home/lawrence/Documents/Code/Playground/portfolio/src/components/navbar.rs 500 undefined WatchType: Closed Script info
Info 209  [21:17:10.550] FileWatcher:: Triggered with /home/lawrence/Documents/Code/Playground/portfolio/src/components/navbar.rs 1:: WatchInfo: /home/lawrence/Documents/Code/Playground/portfolio/src/components/navbar.rs 500 undefined WatchType: Closed Script info
Info 210  [21:17:10.550] Elapsed:: 0.050004005432128906ms FileWatcher:: Triggered with /home/lawrence/Documents/Code/Playground/portfolio/src/components/navbar.rs 1:: WatchInfo: /home/lawrence/Documents/Code/Playground/portfolio/src/components/navbar.rs 500 undefined WatchType: Closed Script info
Info 211  [21:17:12.551] FileWatcher:: Triggered with /home/lawrence/Documents/Code/Playground/portfolio/src/components/navbar.rs 1:: WatchInfo: /home/lawrence/Documents/Code/Playground/portfolio/src/components/navbar.rs 500 undefined WatchType: Closed Script info
Info 212  [21:17:12.552] Elapsed:: 0.019032001495361328ms FileWatcher:: Triggered with /home/lawrence/Documents/Code/Playground/portfolio/src/components/navbar.rs 1:: WatchInfo: /home/lawrence/Documents/Code/Playground/portfolio/src/components/navbar.rs 500 undefined WatchType: Closed Script info
Info 213  [21:17:26.556] FileWatcher:: Triggered with /home/lawrence/Documents/Code/Playground/portfolio/src/components/navbar.rs 1:: WatchInfo: /home/lawrence/Documents/Code/Playground/portfolio/src/components/navbar.rs 500 undefined WatchType: Closed Script info
Info 214  [21:17:26.556] Elapsed:: 0.02017800509929657ms FileWatcher:: Triggered with /home/lawrence/Documents/Code/Playground/portfolio/src/components/navbar.rs 1:: WatchInfo: /home/lawrence/Documents/Code/Playground/portfolio/src/components/navbar.rs 500 undefined WatchType: Closed Script info
Info 215  [21:17:28.557] FileWatcher:: Triggered with /home/lawrence/Documents/Code/Playground/portfolio/src/components/navbar.rs 1:: WatchInfo: /home/lawrence/Documents/Code/Playground/portfolio/src/components/navbar.rs 500 undefined WatchType: Closed Script info
Info 216  [21:17:28.557] Elapsed:: 0.06116300821304321ms FileWatcher:: Triggered with /home/lawrence/Documents/Code/Playground/portfolio/src/components/navbar.rs 1:: WatchInfo: /home/lawrence/Documents/Code/Playground/portfolio/src/components/navbar.rs 500 undefined WatchType: Closed Script info
Info 217  [21:18:02.568] FileWatcher:: Triggered with /home/lawrence/Documents/Code/Playground/portfolio/src/components/navbar.rs 1:: WatchInfo: /home/lawrence/Documents/Code/Playground/portfolio/src/components/navbar.rs 500 undefined WatchType: Closed Script info
Info 218  [21:18:02.568] Elapsed:: 0.023420006036758423ms FileWatcher:: Triggered with /home/lawrence/Documents/Code/Playground/portfolio/src/components/navbar.rs 1:: WatchInfo: /home/lawrence/Documents/Code/Playground/portfolio/src/components/navbar.rs 500 undefined WatchType: Closed Script info
Info 219  [21:18:04.569] FileWatcher:: Triggered with /home/lawrence/Documents/Code/Playground/portfolio/src/components/navbar.rs 1:: WatchInfo: /home/lawrence/Documents/Code/Playground/portfolio/src/components/navbar.rs 500 undefined WatchType: Closed Script info
Info 220  [21:18:04.570] Elapsed:: 0.0454539954662323ms FileWatcher:: Triggered with /home/lawrence/Documents/Code/Playground/portfolio/src/components/navbar.rs 1:: WatchInfo: /home/lawrence/Documents/Code/Playground/portfolio/src/components/navbar.rs 500 undefined WatchType: Closed Script info
Info 221  [21:19:20.591] FileWatcher:: Triggered with /home/lawrence/Documents/Code/Playground/portfolio/src/components/navbar.rs 1:: WatchInfo: /home/lawrence/Documents/Code/Playground/portfolio/src/components/navbar.rs 500 undefined WatchType: Closed Script info
Info 222  [21:19:20.592] Elapsed:: 0.0585239976644516ms FileWatcher:: Triggered with /home/lawrence/Documents/Code/Playground/portfolio/src/components/navbar.rs 1:: WatchInfo: /home/lawrence/Documents/Code/Playground/portfolio/src/components/navbar.rs 500 undefined WatchType: Closed Script info
Info 223  [21:19:40.595] FileWatcher:: Triggered with /home/lawrence/Documents/Code/Playground/portfolio/src/components/navbar.rs 1:: WatchInfo: /home/lawrence/Documents/Code/Playground/portfolio/src/components/navbar.rs 500 undefined WatchType: Closed Script info
Info 224  [21:19:40.596] Elapsed:: 0.022663995623588562ms FileWatcher:: Triggered with /home/lawrence/Documents/Code/Playground/portfolio/src/components/navbar.rs 1:: WatchInfo: /home/lawrence/Documents/Code/Playground/portfolio/src/components/navbar.rs 500 undefined WatchType: Closed Script info
Info 225  [21:19:42.596] FileWatcher:: Triggered with /home/lawrence/Documents/Code/Playground/portfolio/src/components/navbar.rs 1:: WatchInfo: /home/lawrence/Documents/Code/Playground/portfolio/src/components/navbar.rs 500 undefined WatchType: Closed Script info
Info 226  [21:19:42.597] Elapsed:: 0.03528200089931488ms FileWatcher:: Triggered with /home/lawrence/Documents/Code/Playground/portfolio/src/components/navbar.rs 1:: WatchInfo: /home/lawrence/Documents/Code/Playground/portfolio/src/components/navbar.rs 500 undefined WatchType: Closed Script info
Info 227  [21:19:52.598] FileWatcher:: Triggered with /home/lawrence/Documents/Code/Playground/portfolio/src/components/navbar.rs 1:: WatchInfo: /home/lawrence/Documents/Code/Playground/portfolio/src/components/navbar.rs 500 undefined WatchType: Closed Script info
Info 228  [21:19:52.598] Elapsed:: 0.027058005332946777ms FileWatcher:: Triggered with /home/lawrence/Documents/Code/Playground/portfolio/src/components/navbar.rs 1:: WatchInfo: /home/lawrence/Documents/Code/Playground/portfolio/src/components/navbar.rs 500 undefined WatchType: Closed Script info
Info 229  [21:20:06.603] FileWatcher:: Triggered with /home/lawrence/Documents/Code/Playground/portfolio/src/components/navbar.rs 1:: WatchInfo: /home/lawrence/Documents/Code/Playground/portfolio/src/components/navbar.rs 500 undefined WatchType: Closed Script info
Info 230  [21:20:06.603] Elapsed:: 0.032520994544029236ms FileWatcher:: Triggered with /home/lawrence/Documents/Code/Playground/portfolio/src/components/navbar.rs 1:: WatchInfo: /home/lawrence/Documents/Code/Playground/portfolio/src/components/navbar.rs 500 undefined WatchType: Closed Script info
Info 231  [21:20:26.610] FileWatcher:: Triggered with /home/lawrence/Documents/Code/Playground/portfolio/src/components/navbar.rs 1:: WatchInfo: /home/lawrence/Documents/Code/Playground/portfolio/src/components/navbar.rs 500 undefined WatchType: Closed Script info
Info 232  [21:20:26.611] Elapsed:: 0.021208003163337708ms FileWatcher:: Triggered with /home/lawrence/Documents/Code/Playground/portfolio/src/components/navbar.rs 1:: WatchInfo: /home/lawrence/Documents/Code/Playground/portfolio/src/components/navbar.rs 500 undefined WatchType: Closed Script info
Info 233  [21:21:46.645] FileWatcher:: Triggered with /home/lawrence/Documents/Code/Playground/portfolio/src/components/navbar.rs 1:: WatchInfo: /home/lawrence/Documents/Code/Playground/portfolio/src/components/navbar.rs 500 undefined WatchType: Closed Script info
Info 234  [21:21:46.646] Elapsed:: 0.06705901026725769ms FileWatcher:: Triggered with /home/lawrence/Documents/Code/Playground/portfolio/src/components/navbar.rs 1:: WatchInfo: /home/lawrence/Documents/Code/Playground/portfolio/src/components/navbar.rs 500 undefined WatchType: Closed Script info
Info 235  [21:23:58.671] FileWatcher:: Triggered with /home/lawrence/Documents/Code/Playground/portfolio/src/components/navbar.rs 1:: WatchInfo: /home/lawrence/Documents/Code/Playground/portfolio/src/components/navbar.rs 500 undefined WatchType: Closed Script info
Info 236  [21:23:58.671] Elapsed:: 0.04171200096607208ms FileWatcher:: Triggered with /home/lawrence/Documents/Code/Playground/portfolio/src/components/navbar.rs 1:: WatchInfo: /home/lawrence/Documents/Code/Playground/portfolio/src/components/navbar.rs 500 undefined WatchType: Closed Script info
Info 237  [21:24:00.671] FileWatcher:: Triggered with /home/lawrence/Documents/Code/Playground/portfolio/src/components/navbar.rs 1:: WatchInfo: /home/lawrence/Documents/Code/Playground/portfolio/src/components/navbar.rs 500 undefined WatchType: Closed Script info
Info 238  [21:24:00.672] Elapsed:: 0.05193999409675598ms FileWatcher:: Triggered with /home/lawrence/Documents/Code/Playground/portfolio/src/components/navbar.rs 1:: WatchInfo: /home/lawrence/Documents/Code/Playground/portfolio/src/components/navbar.rs 500 undefined WatchType: Closed Script info
Info 239  [21:24:08.674] FileWatcher:: Triggered with /home/lawrence/Documents/Code/Playground/portfolio/src/components/navbar.rs 1:: WatchInfo: /home/lawrence/Documents/Code/Playground/portfolio/src/components/navbar.rs 500 undefined WatchType: Closed Script info
Info 240  [21:24:08.674] Elapsed:: 0.05021999776363373ms FileWatcher:: Triggered with /home/lawrence/Documents/Code/Playground/portfolio/src/components/navbar.rs 1:: WatchInfo: /home/lawrence/Documents/Code/Playground/portfolio/src/components/navbar.rs 500 undefined WatchType: Closed Script info
Info 241  [21:24:10.674] FileWatcher:: Triggered with /home/lawrence/Documents/Code/Playground/portfolio/src/components/navbar.rs 1:: WatchInfo: /home/lawrence/Documents/Code/Playground/portfolio/src/components/navbar.rs 500 undefined WatchType: Closed Script info
Info 242  [21:24:10.674] Elapsed:: 0.04345300793647766ms FileWatcher:: Triggered with /home/lawrence/Documents/Code/Playground/portfolio/src/components/navbar.rs 1:: WatchInfo: /home/lawrence/Documents/Code/Playground/portfolio/src/components/navbar.rs 500 undefined WatchType: Closed Script info
Info 243  [21:25:24.696] FileWatcher:: Triggered with /home/lawrence/Documents/Code/Playground/portfolio/src/components/navbar.rs 1:: WatchInfo: /home/lawrence/Documents/Code/Playground/portfolio/src/components/navbar.rs 500 undefined WatchType: Closed Script info
Info 244  [21:25:24.696] Elapsed:: 0.016155004501342773ms FileWatcher:: Triggered with /home/lawrence/Documents/Code/Playground/portfolio/src/components/navbar.rs 1:: WatchInfo: /home/lawrence/Documents/Code/Playground/portfolio/src/components/navbar.rs 500 undefined WatchType: Closed Script info
Info 245  [21:25:26.697] FileWatcher:: Triggered with /home/lawrence/Documents/Code/Playground/portfolio/src/components/navbar.rs 1:: WatchInfo: /home/lawrence/Documents/Code/Playground/portfolio/src/components/navbar.rs 500 undefined WatchType: Closed Script info
Info 246  [21:25:26.697] Elapsed:: 0.034157007932662964ms FileWatcher:: Triggered with /home/lawrence/Documents/Code/Playground/portfolio/src/components/navbar.rs 1:: WatchInfo: /home/lawrence/Documents/Code/Playground/portfolio/src/components/navbar.rs 500 undefined WatchType: Closed Script info
Info 247  [21:26:18.722] FileWatcher:: Triggered with /home/lawrence/Documents/Code/Playground/portfolio/src/components/navbar.rs 1:: WatchInfo: /home/lawrence/Documents/Code/Playground/portfolio/src/components/navbar.rs 500 undefined WatchType: Closed Script info
Info 248  [21:26:18.723] Elapsed:: 0.028600990772247314ms FileWatcher:: Triggered with /home/lawrence/Documents/Code/Playground/portfolio/src/components/navbar.rs 1:: WatchInfo: /home/lawrence/Documents/Code/Playground/portfolio/src/components/navbar.rs 500 undefined WatchType: Closed Script info
Info 249  [21:26:20.722] FileWatcher:: Triggered with /home/lawrence/Documents/Code/Playground/portfolio/src/components/navbar.rs 1:: WatchInfo: /home/lawrence/Documents/Code/Playground/portfolio/src/components/navbar.rs 500 undefined WatchType: Closed Script info
Info 250  [21:26:20.722] Elapsed:: 0.027782008051872253ms FileWatcher:: Triggered with /home/lawrence/Documents/Code/Playground/portfolio/src/components/navbar.rs 1:: WatchInfo: /home/lawrence/Documents/Code/Playground/portfolio/src/components/navbar.rs 500 undefined WatchType: Closed Script info
Info 251  [21:26:26.725] FileWatcher:: Triggered with /home/lawrence/Documents/Code/Playground/portfolio/src/components/navbar.rs 1:: WatchInfo: /home/lawrence/Documents/Code/Playground/portfolio/src/components/navbar.rs 500 undefined WatchType: Closed Script info
Info 252  [21:26:26.726] Elapsed:: 0.03336799144744873ms FileWatcher:: Triggered with /home/lawrence/Documents/Code/Playground/portfolio/src/components/navbar.rs 1:: WatchInfo: /home/lawrence/Documents/Code/Playground/portfolio/src/components/navbar.rs 500 undefined WatchType: Closed Script info
Info 253  [21:26:28.727] FileWatcher:: Triggered with /home/lawrence/Documents/Code/Playground/portfolio/src/components/navbar.rs 1:: WatchInfo: /home/lawrence/Documents/Code/Playground/portfolio/src/components/navbar.rs 500 undefined WatchType: Closed Script info
Info 254  [21:26:28.727] Elapsed:: 0.03195399045944214ms FileWatcher:: Triggered with /home/lawrence/Documents/Code/Playground/portfolio/src/components/navbar.rs 1:: WatchInfo: /home/lawrence/Documents/Code/Playground/portfolio/src/components/navbar.rs 500 undefined WatchType: Closed Script info
Info 255  [21:26:32.729] FileWatcher:: Triggered with /home/lawrence/Documents/Code/Playground/portfolio/src/components/navbar.rs 1:: WatchInfo: /home/lawrence/Documents/Code/Playground/portfolio/src/components/navbar.rs 500 undefined WatchType: Closed Script info
Info 256  [21:26:32.731] Elapsed:: 0.025613993406295776ms FileWatcher:: Triggered with /home/lawrence/Documents/Code/Playground/portfolio/src/components/navbar.rs 1:: WatchInfo: /home/lawrence/Documents/Code/Playground/portfolio/src/components/navbar.rs 500 undefined WatchType: Closed Script info
Info 257  [21:26:34.732] FileWatcher:: Triggered with /home/lawrence/Documents/Code/Playground/portfolio/src/components/navbar.rs 1:: WatchInfo: /home/lawrence/Documents/Code/Playground/portfolio/src/components/navbar.rs 500 undefined WatchType: Closed Script info
Info 258  [21:26:34.732] Elapsed:: 0.018578991293907166ms FileWatcher:: Triggered with /home/lawrence/Documents/Code/Playground/portfolio/src/components/navbar.rs 1:: WatchInfo: /home/lawrence/Documents/Code/Playground/portfolio/src/components/navbar.rs 500 undefined WatchType: Closed Script info
Info 259  [21:27:30.751] FileWatcher:: Triggered with /home/lawrence/Documents/Code/Playground/portfolio/src/components/navbar.rs 1:: WatchInfo: /home/lawrence/Documents/Code/Playground/portfolio/src/components/navbar.rs 500 undefined WatchType: Closed Script info
Info 260  [21:27:30.752] Elapsed:: 0.032847002148628235ms FileWatcher:: Triggered with /home/lawrence/Documents/Code/Playground/portfolio/src/components/navbar.rs 1:: WatchInfo: /home/lawrence/Documents/Code/Playground/portfolio/src/components/navbar.rs 500 undefined WatchType: Closed Script info
Info 261  [21:28:38.792] FileWatcher:: Triggered with /home/lawrence/Documents/Code/Playground/portfolio/src/components/navbar.rs 1:: WatchInfo: /home/lawrence/Documents/Code/Playground/portfolio/src/components/navbar.rs 500 undefined WatchType: Closed Script info
Info 262  [21:28:38.793] Elapsed:: 0.03538699448108673ms FileWatcher:: Triggered with /home/lawrence/Documents/Code/Playground/portfolio/src/components/navbar.rs 1:: WatchInfo: /home/lawrence/Documents/Code/Playground/portfolio/src/components/navbar.rs 500 undefined WatchType: Closed Script info
Info 263  [21:29:42.813] FileWatcher:: Triggered with /home/lawrence/Documents/Code/Playground/portfolio/src/components/navbar.rs 1:: WatchInfo: /home/lawrence/Documents/Code/Playground/portfolio/src/components/navbar.rs 500 undefined WatchType: Closed Script info
Info 264  [21:29:42.813] Elapsed:: 0.032405003905296326ms FileWatcher:: Triggered with /home/lawrence/Documents/Code/Playground/portfolio/src/components/navbar.rs 1:: WatchInfo: /home/lawrence/Documents/Code/Playground/portfolio/src/components/navbar.rs 500 undefined WatchType: Closed Script info
Info 265  [21:29:44.814] FileWatcher:: Triggered with /home/lawrence/Documents/Code/Playground/portfolio/src/components/navbar.rs 1:: WatchInfo: /home/lawrence/Documents/Code/Playground/portfolio/src/components/navbar.rs 500 undefined WatchType: Closed Script info
Info 266  [21:29:44.815] Elapsed:: 0.04875199496746063ms FileWatcher:: Triggered with /home/lawrence/Documents/Code/Playground/portfolio/src/components/navbar.rs 1:: WatchInfo: /home/lawrence/Documents/Code/Playground/portfolio/src/components/navbar.rs 500 undefined WatchType: Closed Script info
Info 267  [21:31:30.843] FileWatcher:: Triggered with /home/lawrence/Documents/Code/Playground/portfolio/src/components/navbar.rs 1:: WatchInfo: /home/lawrence/Documents/Code/Playground/portfolio/src/components/navbar.rs 500 undefined WatchType: Closed Script info
Info 268  [21:31:30.844] Elapsed:: 0.037351012229919434ms FileWatcher:: Triggered with /home/lawrence/Documents/Code/Playground/portfolio/src/components/navbar.rs 1:: WatchInfo: /home/lawrence/Documents/Code/Playground/portfolio/src/components/navbar.rs 500 undefined WatchType: Closed Script info
Info 269  [21:32:18.854] FileWatcher:: Triggered with /home/lawrence/Documents/Code/Playground/portfolio/src/components/navbar.rs 1:: WatchInfo: /home/lawrence/Documents/Code/Playground/portfolio/src/components/navbar.rs 500 undefined WatchType: Closed Script info
Info 270  [21:32:18.854] Elapsed:: 0.0273129940032959ms FileWatcher:: Triggered with /home/lawrence/Documents/Code/Playground/portfolio/src/components/navbar.rs 1:: WatchInfo: /home/lawrence/Documents/Code/Playground/portfolio/src/components/navbar.rs 500 undefined WatchType: Closed Script info
Info 271  [21:32:28.856] FileWatcher:: Triggered with /home/lawrence/Documents/Code/Playground/portfolio/src/components/navbar.rs 1:: WatchInfo: /home/lawrence/Documents/Code/Playground/portfolio/src/components/navbar.rs 500 undefined WatchType: Closed Script info
Info 272  [21:32:28.856] Elapsed:: 0.021606996655464172ms FileWatcher:: Triggered with /home/lawrence/Documents/Code/Playground/portfolio/src/components/navbar.rs 1:: WatchInfo: /home/lawrence/Documents/Code/Playground/portfolio/src/components/navbar.rs 500 undefined WatchType: Closed Script info
Info 273  [21:32:30.857] FileWatcher:: Triggered with /home/lawrence/Documents/Code/Playground/portfolio/src/components/navbar.rs 1:: WatchInfo: /home/lawrence/Documents/Code/Playground/portfolio/src/components/navbar.rs 500 undefined WatchType: Closed Script info
Info 274  [21:32:30.857] Elapsed:: 0.02097199857234955ms FileWatcher:: Triggered with /home/lawrence/Documents/Code/Playground/portfolio/src/components/navbar.rs 1:: WatchInfo: /home/lawrence/Documents/Code/Playground/portfolio/src/components/navbar.rs 500 undefined WatchType: Closed Script info
Info 275  [21:33:38.874] FileWatcher:: Triggered with /home/lawrence/Documents/Code/Playground/portfolio/src/components/navbar.rs 1:: WatchInfo: /home/lawrence/Documents/Code/Playground/portfolio/src/components/navbar.rs 500 undefined WatchType: Closed Script info
Info 276  [21:33:38.874] Elapsed:: 0.034147992730140686ms FileWatcher:: Triggered with /home/lawrence/Documents/Code/Playground/portfolio/src/components/navbar.rs 1:: WatchInfo: /home/lawrence/Documents/Code/Playground/portfolio/src/components/navbar.rs 500 undefined WatchType: Closed Script info
Info 277  [21:34:54.889] FileWatcher:: Triggered with /home/lawrence/Documents/Code/Playground/portfolio/src/components/navbar.rs 1:: WatchInfo: /home/lawrence/Documents/Code/Playground/portfolio/src/components/navbar.rs 500 undefined WatchType: Closed Script info
Info 278  [21:34:54.889] Elapsed:: 0.028474003076553345ms FileWatcher:: Triggered with /home/lawrence/Documents/Code/Playground/portfolio/src/components/navbar.rs 1:: WatchInfo: /home/lawrence/Documents/Code/Playground/portfolio/src/components/navbar.rs 500 undefined WatchType: Closed Script info
Info 279  [21:34:56.890] FileWatcher:: Triggered with /home/lawrence/Documents/Code/Playground/portfolio/src/components/navbar.rs 1:: WatchInfo: /home/lawrence/Documents/Code/Playground/portfolio/src/components/navbar.rs 500 undefined WatchType: Closed Script info
Info 280  [21:34:56.890] Elapsed:: 0.41333599388599396ms FileWatcher:: Triggered with /home/lawrence/Documents/Code/Playground/portfolio/src/components/navbar.rs 1:: WatchInfo: /home/lawrence/Documents/Code/Playground/portfolio/src/components/navbar.rs 500 undefined WatchType: Closed Script info
Info 281  [21:40:32.973] FileWatcher:: Triggered with /home/lawrence/Documents/Code/Playground/portfolio/src/components/navbar.rs 1:: WatchInfo: /home/lawrence/Documents/Code/Playground/portfolio/src/components/navbar.rs 500 undefined WatchType: Closed Script info
Info 282  [21:40:32.973] Elapsed:: 0.05433599650859833ms FileWatcher:: Triggered with /home/lawrence/Documents/Code/Playground/portfolio/src/components/navbar.rs 1:: WatchInfo: /home/lawrence/Documents/Code/Playground/portfolio/src/components/navbar.rs 500 undefined WatchType: Closed Script info
Info 283  [21:40:34.974] FileWatcher:: Triggered with /home/lawrence/Documents/Code/Playground/portfolio/src/components/navbar.rs 1:: WatchInfo: /home/lawrence/Documents/Code/Playground/portfolio/src/components/navbar.rs 500 undefined WatchType: Closed Script info
Info 284  [21:40:34.974] Elapsed:: 0.0196169912815094ms FileWatcher:: Triggered with /home/lawrence/Documents/Code/Playground/portfolio/src/components/navbar.rs 1:: WatchInfo: /home/lawrence/Documents/Code/Playground/portfolio/src/components/navbar.rs 500 undefined WatchType: Closed Script info
Info 285  [21:46:01.058] FileWatcher:: Triggered with /home/lawrence/Documents/Code/Playground/portfolio/src/components/navbar.rs 1:: WatchInfo: /home/lawrence/Documents/Code/Playground/portfolio/src/components/navbar.rs 500 undefined WatchType: Closed Script info
Info 286  [21:46:01.059] Elapsed:: 0.01684500277042389ms FileWatcher:: Triggered with /home/lawrence/Documents/Code/Playground/portfolio/src/components/navbar.rs 1:: WatchInfo: /home/lawrence/Documents/Code/Playground/portfolio/src/components/navbar.rs 500 undefined WatchType: Closed Script info
Info 287  [21:46:03.060] FileWatcher:: Triggered with /home/lawrence/Documents/Code/Playground/portfolio/src/components/navbar.rs 1:: WatchInfo: /home/lawrence/Documents/Code/Playground/portfolio/src/components/navbar.rs 500 undefined WatchType: Closed Script info
Info 288  [21:46:03.061] Elapsed:: 0.03926900029182434ms FileWatcher:: Triggered with /home/lawrence/Documents/Code/Playground/portfolio/src/components/navbar.rs 1:: WatchInfo: /home/lawrence/Documents/Code/Playground/portfolio/src/components/navbar.rs 500 undefined WatchType: Closed Script info
Info 289  [21:46:15.062] FileWatcher:: Triggered with /home/lawrence/Documents/Code/Playground/portfolio/src/components/navbar.rs 1:: WatchInfo: /home/lawrence/Documents/Code/Playground/portfolio/src/components/navbar.rs 500 undefined WatchType: Closed Script info
Info 290  [21:46:15.062] Elapsed:: 0.01811899244785309ms FileWatcher:: Triggered with /home/lawrence/Documents/Code/Playground/portfolio/src/components/navbar.rs 1:: WatchInfo: /home/lawrence/Documents/Code/Playground/portfolio/src/components/navbar.rs 500 undefined WatchType: Closed Script info
Info 291  [21:46:17.063] FileWatcher:: Triggered with /home/lawrence/Documents/Code/Playground/portfolio/src/components/navbar.rs 1:: WatchInfo: /home/lawrence/Documents/Code/Playground/portfolio/src/components/navbar.rs 500 undefined WatchType: Closed Script info
Info 292  [21:46:17.065] Elapsed:: 0.040769994258880615ms FileWatcher:: Triggered with /home/lawrence/Documents/Code/Playground/portfolio/src/components/navbar.rs 1:: WatchInfo: /home/lawrence/Documents/Code/Playground/portfolio/src/components/navbar.rs 500 undefined WatchType: Closed Script info
Info 293  [21:46:29.066] FileWatcher:: Triggered with /home/lawrence/Documents/Code/Playground/portfolio/src/components/navbar.rs 1:: WatchInfo: /home/lawrence/Documents/Code/Playground/portfolio/src/components/navbar.rs 500 undefined WatchType: Closed Script info
Info 294  [21:46:29.067] Elapsed:: 0.014555007219314575ms FileWatcher:: Triggered with /home/lawrence/Documents/Code/Playground/portfolio/src/components/navbar.rs 1:: WatchInfo: /home/lawrence/Documents/Code/Playground/portfolio/src/components/navbar.rs 500 undefined WatchType: Closed Script info
Info 295  [21:46:31.067] FileWatcher:: Triggered with /home/lawrence/Documents/Code/Playground/portfolio/src/components/navbar.rs 1:: WatchInfo: /home/lawrence/Documents/Code/Playground/portfolio/src/components/navbar.rs 500 undefined WatchType: Closed Script info
Info 296  [21:46:31.068] Elapsed:: 0.014077991247177124ms FileWatcher:: Triggered with /home/lawrence/Documents/Code/Playground/portfolio/src/components/navbar.rs 1:: WatchInfo: /home/lawrence/Documents/Code/Playground/portfolio/src/components/navbar.rs 500 undefined WatchType: Closed Script info
Info 297  [21:47:37.075] FileWatcher:: Triggered with /home/lawrence/Documents/Code/Playground/portfolio/src/components/navbar.rs 1:: WatchInfo: /home/lawrence/Documents/Code/Playground/portfolio/src/components/navbar.rs 500 undefined WatchType: Closed Script info
Info 298  [21:47:37.076] Elapsed:: 0.026242002844810486ms FileWatcher:: Triggered with /home/lawrence/Documents/Code/Playground/portfolio/src/components/navbar.rs 1:: WatchInfo: /home/lawrence/Documents/Code/Playground/portfolio/src/components/navbar.rs 500 undefined WatchType: Closed Script info
Info 299  [21:47:39.077] FileWatcher:: Triggered with /home/lawrence/Documents/Code/Playground/portfolio/src/components/navbar.rs 1:: WatchInfo: /home/lawrence/Documents/Code/Playground/portfolio/src/components/navbar.rs 500 undefined WatchType: Closed Script info
Info 300  [21:47:39.078] Elapsed:: 0.014053001999855042ms FileWatcher:: Triggered with /home/lawrence/Documents/Code/Playground/portfolio/src/components/navbar.rs 1:: WatchInfo: /home/lawrence/Documents/Code/Playground/portfolio/src/components/navbar.rs 500 undefined WatchType: Closed Script info
Info 301  [21:48:23.086] FileWatcher:: Triggered with /home/lawrence/Documents/Code/Playground/portfolio/src/components/navbar.rs 1:: WatchInfo: /home/lawrence/Documents/Code/Playground/portfolio/src/components/navbar.rs 500 undefined WatchType: Closed Script info
Info 302  [21:48:23.087] Elapsed:: 0.043967992067337036ms FileWatcher:: Triggered with /home/lawrence/Documents/Code/Playground/portfolio/src/components/navbar.rs 1:: WatchInfo: /home/lawrence/Documents/Code/Playground/portfolio/src/components/navbar.rs 500 undefined WatchType: Closed Script info
Info 303  [21:49:31.111] FileWatcher:: Triggered with /home/lawrence/Documents/Code/Playground/portfolio/src/components/navbar.rs 1:: WatchInfo: /home/lawrence/Documents/Code/Playground/portfolio/src/components/navbar.rs 500 undefined WatchType: Closed Script info
Info 304  [21:49:31.111] Elapsed:: 0.06947700679302216ms FileWatcher:: Triggered with /home/lawrence/Documents/Code/Playground/portfolio/src/components/navbar.rs 1:: WatchInfo: /home/lawrence/Documents/Code/Playground/portfolio/src/components/navbar.rs 500 undefined WatchType: Closed Script info
Info 305  [21:52:11.149] FileWatcher:: Triggered with /home/lawrence/Documents/Code/Playground/portfolio/src/components/navbar.rs 1:: WatchInfo: /home/lawrence/Documents/Code/Playground/portfolio/src/components/navbar.rs 500 undefined WatchType: Closed Script info
Info 306  [21:52:11.149] Elapsed:: 0.03250199556350708ms FileWatcher:: Triggered with /home/lawrence/Documents/Code/Playground/portfolio/src/components/navbar.rs 1:: WatchInfo: /home/lawrence/Documents/Code/Playground/portfolio/src/components/navbar.rs 500 undefined WatchType: Closed Script info
Info 307  [21:52:13.149] FileWatcher:: Triggered with /home/lawrence/Documents/Code/Playground/portfolio/src/components/navbar.rs 1:: WatchInfo: /home/lawrence/Documents/Code/Playground/portfolio/src/components/navbar.rs 500 undefined WatchType: Closed Script info
Info 308  [21:52:13.151] Elapsed:: 0.0447859913110733ms FileWatcher:: Triggered with /home/lawrence/Documents/Code/Playground/portfolio/src/components/navbar.rs 1:: WatchInfo: /home/lawrence/Documents/Code/Playground/portfolio/src/components/navbar.rs 500 undefined WatchType: Closed Script info
Info 309  [21:52:39.155] FileWatcher:: Triggered with /home/lawrence/Documents/Code/Playground/portfolio/src/components/navbar.rs 1:: WatchInfo: /home/lawrence/Documents/Code/Playground/portfolio/src/components/navbar.rs 500 undefined WatchType: Closed Script info
Info 310  [21:52:39.155] Elapsed:: 0.0395599901676178ms FileWatcher:: Triggered with /home/lawrence/Documents/Code/Playground/portfolio/src/components/navbar.rs 1:: WatchInfo: /home/lawrence/Documents/Code/Playground/portfolio/src/components/navbar.rs 500 undefined WatchType: Closed Script info
Info 311  [21:52:41.156] FileWatcher:: Triggered with /home/lawrence/Documents/Code/Playground/portfolio/src/components/navbar.rs 1:: WatchInfo: /home/lawrence/Documents/Code/Playground/portfolio/src/components/navbar.rs 500 undefined WatchType: Closed Script info
Info 312  [21:52:41.156] Elapsed:: 0.017331987619400024ms FileWatcher:: Triggered with /home/lawrence/Documents/Code/Playground/portfolio/src/components/navbar.rs 1:: WatchInfo: /home/lawrence/Documents/Code/Playground/portfolio/src/components/navbar.rs 500 undefined WatchType: Closed Script info
Info 313  [21:53:07.160] FileWatcher:: Triggered with /home/lawrence/Documents/Code/Playground/portfolio/src/components/navbar.rs 1:: WatchInfo: /home/lawrence/Documents/Code/Playground/portfolio/src/components/navbar.rs 500 undefined WatchType: Closed Script info
Info 314  [21:53:07.163] Elapsed:: 1.2404710054397583ms FileWatcher:: Triggered with /home/lawrence/Documents/Code/Playground/portfolio/src/components/navbar.rs 1:: WatchInfo: /home/lawrence/Documents/Code/Playground/portfolio/src/components/navbar.rs 500 undefined WatchType: Closed Script info
Info 315  [21:54:25.186] FileWatcher:: Triggered with /home/lawrence/Documents/Code/Playground/portfolio/src/components/navbar.rs 1:: WatchInfo: /home/lawrence/Documents/Code/Playground/portfolio/src/components/navbar.rs 500 undefined WatchType: Closed Script info
Info 316  [21:54:25.187] Elapsed:: 0.7422430068254471ms FileWatcher:: Triggered with /home/lawrence/Documents/Code/Playground/portfolio/src/components/navbar.rs 1:: WatchInfo: /home/lawrence/Documents/Code/Playground/portfolio/src/components/navbar.rs 500 undefined WatchType: Closed Script info
Info 317  [21:54:35.188] FileWatcher:: Triggered with /home/lawrence/Documents/Code/Playground/portfolio/src/components/navbar.rs 1:: WatchInfo: /home/lawrence/Documents/Code/Playground/portfolio/src/components/navbar.rs 500 undefined WatchType: Closed Script info
Info 318  [21:54:35.189] Elapsed:: 0.03603300452232361ms FileWatcher:: Triggered with /home/lawrence/Documents/Code/Playground/portfolio/src/components/navbar.rs 1:: WatchInfo: /home/lawrence/Documents/Code/Playground/portfolio/src/components/navbar.rs 500 undefined WatchType: Closed Script info
Info 319  [21:54:57.196] FileWatcher:: Triggered with /home/lawrence/Documents/Code/Playground/portfolio/src/components/navbar.rs 1:: WatchInfo: /home/lawrence/Documents/Code/Playground/portfolio/src/components/navbar.rs 500 undefined WatchType: Closed Script info
Info 320  [21:54:57.197] Elapsed:: 0.04001699388027191ms FileWatcher:: Triggered with /home/lawrence/Documents/Code/Playground/portfolio/src/components/navbar.rs 1:: WatchInfo: /home/lawrence/Documents/Code/Playground/portfolio/src/components/navbar.rs 500 undefined WatchType: Closed Script info
Info 321  [21:55:01.198] FileWatcher:: Triggered with /home/lawrence/Documents/Code/Playground/portfolio/src/components/navbar.rs 1:: WatchInfo: /home/lawrence/Documents/Code/Playground/portfolio/src/components/navbar.rs 500 undefined WatchType: Closed Script info
Info 322  [21:55:01.198] Elapsed:: 0.024605005979537964ms FileWatcher:: Triggered with /home/lawrence/Documents/Code/Playground/portfolio/src/components/navbar.rs 1:: WatchInfo: /home/lawrence/Documents/Code/Playground/portfolio/src/components/navbar.rs 500 undefined WatchType: Closed Script info
Info 323  [21:55:17.199] FileWatcher:: Triggered with /home/lawrence/Documents/Code/Playground/portfolio/src/components/navbar.rs 1:: WatchInfo: /home/lawrence/Documents/Code/Playground/portfolio/src/components/navbar.rs 500 undefined WatchType: Closed Script info
Info 324  [21:55:17.199] Elapsed:: 0.016311004757881165ms FileWatcher:: Triggered with /home/lawrence/Documents/Code/Playground/portfolio/src/components/navbar.rs 1:: WatchInfo: /home/lawrence/Documents/Code/Playground/portfolio/src/components/navbar.rs 500 undefined WatchType: Closed Script info
Info 325  [21:56:23.211] FileWatcher:: Triggered with /home/lawrence/Documents/Code/Playground/portfolio/src/components/navbar.rs 1:: WatchInfo: /home/lawrence/Documents/Code/Playground/portfolio/src/components/navbar.rs 500 undefined WatchType: Closed Script info
Info 326  [21:56:23.211] Elapsed:: 0.025977998971939087ms FileWatcher:: Triggered with /home/lawrence/Documents/Code/Playground/portfolio/src/components/navbar.rs 1:: WatchInfo: /home/lawrence/Documents/Code/Playground/portfolio/src/components/navbar.rs 500 undefined WatchType: Closed Script info
Info 327  [21:56:33.212] FileWatcher:: Triggered with /home/lawrence/Documents/Code/Playground/portfolio/src/components/navbar.rs 1:: WatchInfo: /home/lawrence/Documents/Code/Playground/portfolio/src/components/navbar.rs 500 undefined WatchType: Closed Script info
Info 328  [21:56:33.212] Elapsed:: 0.013695001602172852ms FileWatcher:: Triggered with /home/lawrence/Documents/Code/Playground/portfolio/src/components/navbar.rs 1:: WatchInfo: /home/lawrence/Documents/Code/Playground/portfolio/src/components/navbar.rs 500 undefined WatchType: Closed Script info
Info 329  [22:01:15.285] FileWatcher:: Triggered with /home/lawrence/Documents/Code/Playground/portfolio/src/components/navbar.rs 1:: WatchInfo: /home/lawrence/Documents/Code/Playground/portfolio/src/components/navbar.rs 500 undefined WatchType: Closed Script info
Info 330  [22:01:15.304] Elapsed:: 4.657673001289368ms FileWatcher:: Triggered with /home/lawrence/Documents/Code/Playground/portfolio/src/components/navbar.rs 1:: WatchInfo: /home/lawrence/Documents/Code/Playground/portfolio/src/components/navbar.rs 500 undefined WatchType: Closed Script info
Info 331  [22:15:39.520] FileWatcher:: Triggered with /home/lawrence/Documents/Code/Playground/portfolio/src/components/navbar.rs 1:: WatchInfo: /home/lawrence/Documents/Code/Playground/portfolio/src/components/navbar.rs 500 undefined WatchType: Closed Script info
Info 332  [22:15:39.521] Elapsed:: 0.032499998807907104ms FileWatcher:: Triggered with /home/lawrence/Documents/Code/Playground/portfolio/src/components/navbar.rs 1:: WatchInfo: /home/lawrence/Documents/Code/Playground/portfolio/src/components/navbar.rs 500 undefined WatchType: Closed Script info
Info 333  [22:15:41.522] FileWatcher:: Triggered with /home/lawrence/Documents/Code/Playground/portfolio/src/components/navbar.rs 1:: WatchInfo: /home/lawrence/Documents/Code/Playground/portfolio/src/components/navbar.rs 500 undefined WatchType: Closed Script info
Info 334  [22:15:41.524] Elapsed:: 0.06897000968456268ms FileWatcher:: Triggered with /home/lawrence/Documents/Code/Playground/portfolio/src/components/navbar.rs 1:: WatchInfo: /home/lawrence/Documents/Code/Playground/portfolio/src/components/navbar.rs 500 undefined WatchType: Closed Script info
Info 335  [22:16:33.537] FileWatcher:: Triggered with /home/lawrence/Documents/Code/Playground/portfolio/src/components/navbar.rs 1:: WatchInfo: /home/lawrence/Documents/Code/Playground/portfolio/src/components/navbar.rs 500 undefined WatchType: Closed Script info
Info 336  [22:16:33.537] Elapsed:: 0.014609992504119873ms FileWatcher:: Triggered with /home/lawrence/Documents/Code/Playground/portfolio/src/components/navbar.rs 1:: WatchInfo: /home/lawrence/Documents/Code/Playground/portfolio/src/components/navbar.rs 500 undefined WatchType: Closed Script info
Info 337  [22:21:15.593] FileWatcher:: Triggered with /home/lawrence/Documents/Code/Playground/portfolio/src/components/navbar.rs 1:: WatchInfo: /home/lawrence/Documents/Code/Playground/portfolio/src/components/navbar.rs 500 undefined WatchType: Closed Script info
Info 338  [22:21:15.593] Elapsed:: 0.02237001061439514ms FileWatcher:: Triggered with /home/lawrence/Documents/Code/Playground/portfolio/src/components/navbar.rs 1:: WatchInfo: /home/lawrence/Documents/Code/Playground/portfolio/src/components/navbar.rs 500 undefined WatchType: Closed Script info
Info 339  [10:32:14.373] FileWatcher:: Triggered with /home/lawrence/Documents/Code/Playground/portfolio/src/components/navbar.rs 1:: WatchInfo: /home/lawrence/Documents/Code/Playground/portfolio/src/components/navbar.rs 500 undefined WatchType: Closed Script info
Info 340  [10:32:14.377] Elapsed:: 0.042539000511169434ms FileWatcher:: Triggered with /home/lawrence/Documents/Code/Playground/portfolio/src/components/navbar.rs 1:: WatchInfo: /home/lawrence/Documents/Code/Playground/portfolio/src/components/navbar.rs 500 undefined WatchType: Closed Script info
Info 341  [12:02:28.574] FileWatcher:: Triggered with /home/lawrence/Documents/Code/Playground/portfolio/src/components/navbar.rs 1:: WatchInfo: /home/lawrence/Documents/Code/Playground/portfolio/src/components/navbar.rs 500 undefined WatchType: Closed Script info
Info 342  [12:02:28.576] Elapsed:: 0.024258986115455627ms FileWatcher:: Triggered with /home/lawrence/Documents/Code/Playground/portfolio/src/components/navbar.rs 1:: WatchInfo: /home/lawrence/Documents/Code/Playground/portfolio/src/components/navbar.rs 500 undefined WatchType: Closed Script info
Info 343  [12:02:30.577] FileWatcher:: Triggered with /home/lawrence/Documents/Code/Playground/portfolio/src/components/navbar.rs 1:: WatchInfo: /home/lawrence/Documents/Code/Playground/portfolio/src/components/navbar.rs 500 undefined WatchType: Closed Script info
Info 344  [12:02:30.577] Elapsed:: 0.05660800635814667ms FileWatcher:: Triggered with /home/lawrence/Documents/Code/Playground/portfolio/src/components/navbar.rs 1:: WatchInfo: /home/lawrence/Documents/Code/Playground/portfolio/src/components/navbar.rs 500 undefined WatchType: Closed Script info
